Started GET "/" for ::1 at 2016-11-21 19:43:41 -0500
  [1m[36mActiveRecord::SchemaMigration Load (21.7ms)[0m  [1m[34mSELECT `schema_migrations`.* FROM `schema_migrations`[0m
Processing by StaticPagesController#welcome as HTML
  Rendering static_pages/welcome.html.erb within layouts/application
  Rendered static_pages/welcome.html.erb within layouts/application (1.8ms)
Completed 200 OK in 4340ms (Views: 4328.9ms | ActiveRecord: 0.0ms)


Started GET "/users/sign_in" for ::1 at 2016-11-21 19:43:49 -0500
Processing by Users::SessionsController#new as HTML
  Rendering users/sessions/new.html.erb within layouts/application
  Rendered users/shared/_links.html.erb (1.6ms)
  Rendered users/sessions/new.html.erb within layouts/application (138.8ms)
Completed 200 OK in 253ms (Views: 201.1ms | ActiveRecord: 35.8ms)


Started GET "/airports" for ::1 at 2016-11-21 19:49:30 -0500
  [1m[36mActiveRecord::SchemaMigration Load (0.6ms)[0m  [1m[34mSELECT `schema_migrations`.* FROM `schema_migrations`[0m
Processing by AirportsController#index as HTML
  Rendering airports/index.html.erb within layouts/application
  [1m[35m (0.3ms)[0m  [1m[34mSELECT COUNT(*) FROM `airports`[0m
  Rendered airports/index.html.erb within layouts/application (42.7ms)
Completed 200 OK in 338ms (Views: 267.3ms | ActiveRecord: 29.8ms)


Started GET "/airports/new" for ::1 at 2016-11-21 19:49:33 -0500
Processing by AirportsController#new as HTML
  Rendering airports/new.html.erb within layouts/application
  [1m[36mCity Load (22.9ms)[0m  [1m[34mSELECT `cities`.* FROM `cities`[0m
  Rendered airports/new.html.erb within layouts/application (68.5ms)
Completed 200 OK in 149ms (Views: 115.3ms | ActiveRecord: 24.2ms)


Started POST "/airports" for ::1 at 2016-11-21 19:49:39 -0500
Processing by AirportsController#create as HTML
  Parameters: {"utf8"=>"✓", "authenticity_token"=>"MnQkWuBdbkJTqn3tZOtcAEGPwtwouCAL3vIT9NHQE6PMiozbqqRcdE66kty8pSYx0oUq5TOp5/X2BOfz+Sy3XQ==", "airport"=>{"name"=>"sisas"}, "commit"=>"Create Airport"}
  [1m[35m (0.2ms)[0m  [1m[35mBEGIN[0m
  [1m[35m (0.2ms)[0m  [1m[31mROLLBACK[0m
  Rendering airports/new.html.erb within layouts/application
  Rendered airports/new.html.erb within layouts/application (17.9ms)
Completed 500 Internal Server Error in 32ms (ActiveRecord: 0.3ms)


  
ActionView::Template::Error (undefined method `each' for nil:NilClass):
    21:   <div class="form-group">
    22:     <%= f.select(:city_id) do %>
    23:     <select name="airport [city_id]">
    24:       <% @cities.each do |c| -%>
    25:       <%= content_tag(:option, c.name, value: c.id) %>
    26:     <% end %>
    27:     </select>
  
app/views/airports/new.html.erb:24:in `block (2 levels) in _app_views_airports_new_html_erb___795663878296317918_70312263056580'
app/views/airports/new.html.erb:22:in `block in _app_views_airports_new_html_erb___795663878296317918_70312263056580'
app/views/airports/new.html.erb:3:in `_app_views_airports_new_html_erb___795663878296317918_70312263056580'
app/controllers/airports_controller.rb:17:in `create'
  Rendering /Users/cjc/.rbenv/versions/2.3.1/lib/ruby/gems/2.3.0/gems/actionpack-5.0.0.1/lib/action_dispatch/middleware/templates/rescues/template_error.html.erb within rescues/layout
  Rendering /Users/cjc/.rbenv/versions/2.3.1/lib/ruby/gems/2.3.0/gems/actionpack-5.0.0.1/lib/action_dispatch/middleware/templates/rescues/_source.html.erb
  Rendered /Users/cjc/.rbenv/versions/2.3.1/lib/ruby/gems/2.3.0/gems/actionpack-5.0.0.1/lib/action_dispatch/middleware/templates/rescues/_source.html.erb (6.8ms)
  Rendering /Users/cjc/.rbenv/versions/2.3.1/lib/ruby/gems/2.3.0/gems/actionpack-5.0.0.1/lib/action_dispatch/middleware/templates/rescues/_trace.html.erb
  Rendered /Users/cjc/.rbenv/versions/2.3.1/lib/ruby/gems/2.3.0/gems/actionpack-5.0.0.1/lib/action_dispatch/middleware/templates/rescues/_trace.html.erb (2.7ms)
  Rendering /Users/cjc/.rbenv/versions/2.3.1/lib/ruby/gems/2.3.0/gems/actionpack-5.0.0.1/lib/action_dispatch/middleware/templates/rescues/_request_and_response.html.erb
  Rendered /Users/cjc/.rbenv/versions/2.3.1/lib/ruby/gems/2.3.0/gems/actionpack-5.0.0.1/lib/action_dispatch/middleware/templates/rescues/_request_and_response.html.erb (1.4ms)
  Rendered /Users/cjc/.rbenv/versions/2.3.1/lib/ruby/gems/2.3.0/gems/actionpack-5.0.0.1/lib/action_dispatch/middleware/templates/rescues/template_error.html.erb within rescues/layout (93.6ms)
Started POST "/airports" for ::1 at 2016-11-21 19:50:45 -0500
Processing by AirportsController#create as HTML
  Parameters: {"utf8"=>"✓", "authenticity_token"=>"1omC+HVS+YOPzA83Uua/m0pvcuZA5F9nVxmOt1yYGPJfC5pScNNrdnznq8NZA77arGs4foL0Zb+5zkfAHcd8qQ==", "airport"=>{"name"=>"sisas"}, "commit"=>"Create Airport"}
  [1m[35m (0.2ms)[0m  [1m[35mBEGIN[0m
  [1m[35m (0.1ms)[0m  [1m[31mROLLBACK[0m
  Rendering airports/new.html.erb within layouts/application
  Rendered airports/new.html.erb within layouts/application (6.5ms)
Completed 500 Internal Server Error in 17ms (ActiveRecord: 0.3ms)


  
ActionView::Template::Error (undefined method `each' for nil:NilClass):
    21:   <div class="form-group">
    22:     <%= f.select(:city_id) do %>
    23:     <select name="airport [city_id]">
    24:       <% @cities.each do |c| -%>
    25:       <%= content_tag(:option, c.name, value: c.id) %>
    26:     <% end %>
    27:     <% end %>
  
app/views/airports/new.html.erb:24:in `block (2 levels) in _app_views_airports_new_html_erb___795663878296317918_70312306262660'
app/views/airports/new.html.erb:22:in `block in _app_views_airports_new_html_erb___795663878296317918_70312306262660'
app/views/airports/new.html.erb:3:in `_app_views_airports_new_html_erb___795663878296317918_70312306262660'
app/controllers/airports_controller.rb:17:in `create'
  Rendering /Users/cjc/.rbenv/versions/2.3.1/lib/ruby/gems/2.3.0/gems/actionpack-5.0.0.1/lib/action_dispatch/middleware/templates/rescues/template_error.html.erb within rescues/layout
  Rendering /Users/cjc/.rbenv/versions/2.3.1/lib/ruby/gems/2.3.0/gems/actionpack-5.0.0.1/lib/action_dispatch/middleware/templates/rescues/_source.html.erb
  Rendered /Users/cjc/.rbenv/versions/2.3.1/lib/ruby/gems/2.3.0/gems/actionpack-5.0.0.1/lib/action_dispatch/middleware/templates/rescues/_source.html.erb (5.4ms)
  Rendering /Users/cjc/.rbenv/versions/2.3.1/lib/ruby/gems/2.3.0/gems/actionpack-5.0.0.1/lib/action_dispatch/middleware/templates/rescues/_trace.html.erb
  Rendered /Users/cjc/.rbenv/versions/2.3.1/lib/ruby/gems/2.3.0/gems/actionpack-5.0.0.1/lib/action_dispatch/middleware/templates/rescues/_trace.html.erb (2.1ms)
  Rendering /Users/cjc/.rbenv/versions/2.3.1/lib/ruby/gems/2.3.0/gems/actionpack-5.0.0.1/lib/action_dispatch/middleware/templates/rescues/_request_and_response.html.erb
  Rendered /Users/cjc/.rbenv/versions/2.3.1/lib/ruby/gems/2.3.0/gems/actionpack-5.0.0.1/lib/action_dispatch/middleware/templates/rescues/_request_and_response.html.erb (1.1ms)
  Rendered /Users/cjc/.rbenv/versions/2.3.1/lib/ruby/gems/2.3.0/gems/actionpack-5.0.0.1/lib/action_dispatch/middleware/templates/rescues/template_error.html.erb within rescues/layout (81.0ms)
Started GET "/cities" for ::1 at 2016-11-21 19:52:29 -0500
  [1m[36mActiveRecord::SchemaMigration Load (0.4ms)[0m  [1m[34mSELECT `schema_migrations`.* FROM `schema_migrations`[0m
Processing by CitiesController#index as HTML
  Rendering cities/index.html.erb within layouts/application
  [1m[35m (0.2ms)[0m  [1m[34mSELECT COUNT(*) FROM `cities`[0m
  Rendered cities/index.html.erb within layouts/application (5.1ms)
Completed 200 OK in 305ms (Views: 287.0ms | ActiveRecord: 0.7ms)


Started GET "/cities/new" for ::1 at 2016-11-21 19:52:31 -0500
Processing by CitiesController#new as HTML
  Rendering cities/new.html.erb within layouts/application
  Rendered cities/new.html.erb within layouts/application (31.8ms)
Completed 500 Internal Server Error in 47ms (ActiveRecord: 1.0ms)


  
ActionView::Template::Error (undefined method `country_name' for #<City:0x007fac0925f2f8>
Did you mean?  contry_name
               contry_name?
               contry_name=):
    20:   </div>
    21:   <div class="form-group">
    22:     <%= f.label :country_name%>
    23:     <%= f.text_field :country_name, class: "form-control" %>
    24:   </div>
    25:   <div class="form-group">
    26:     <%= f.label :time_zone%>
  
app/views/cities/new.html.erb:23:in `block in _app_views_cities_new_html_erb___992412765573857056_70188377236040'
app/views/cities/new.html.erb:3:in `_app_views_cities_new_html_erb___992412765573857056_70188377236040'
  Rendering /Users/cjc/.rbenv/versions/2.3.1/lib/ruby/gems/2.3.0/gems/actionpack-5.0.0.1/lib/action_dispatch/middleware/templates/rescues/template_error.html.erb within rescues/layout
  Rendering /Users/cjc/.rbenv/versions/2.3.1/lib/ruby/gems/2.3.0/gems/actionpack-5.0.0.1/lib/action_dispatch/middleware/templates/rescues/_source.html.erb
  Rendered /Users/cjc/.rbenv/versions/2.3.1/lib/ruby/gems/2.3.0/gems/actionpack-5.0.0.1/lib/action_dispatch/middleware/templates/rescues/_source.html.erb (12.8ms)
  Rendering /Users/cjc/.rbenv/versions/2.3.1/lib/ruby/gems/2.3.0/gems/actionpack-5.0.0.1/lib/action_dispatch/middleware/templates/rescues/_trace.html.erb
  Rendered /Users/cjc/.rbenv/versions/2.3.1/lib/ruby/gems/2.3.0/gems/actionpack-5.0.0.1/lib/action_dispatch/middleware/templates/rescues/_trace.html.erb (2.8ms)
  Rendering /Users/cjc/.rbenv/versions/2.3.1/lib/ruby/gems/2.3.0/gems/actionpack-5.0.0.1/lib/action_dispatch/middleware/templates/rescues/_request_and_response.html.erb
  Rendered /Users/cjc/.rbenv/versions/2.3.1/lib/ruby/gems/2.3.0/gems/actionpack-5.0.0.1/lib/action_dispatch/middleware/templates/rescues/_request_and_response.html.erb (1.0ms)
  Rendered /Users/cjc/.rbenv/versions/2.3.1/lib/ruby/gems/2.3.0/gems/actionpack-5.0.0.1/lib/action_dispatch/middleware/templates/rescues/template_error.html.erb within rescues/layout (95.4ms)
  [1m[36mActiveRecord::SchemaMigration Load (0.4ms)[0m  [1m[34mSELECT `schema_migrations`.* FROM `schema_migrations`[0m
  [1m[35m (1.1ms)[0m  [1m[34mSELECT `ar_internal_metadata`.`value` FROM `ar_internal_metadata` WHERE `ar_internal_metadata`.`key` = 'environment'[0m
  [1m[36mActiveRecord::SchemaMigration Load (0.2ms)[0m  [1m[34mSELECT `schema_migrations`.* FROM `schema_migrations`[0m
  [1m[35m (0.2ms)[0m  [1m[34mSELECT `ar_internal_metadata`.`value` FROM `ar_internal_metadata` WHERE `ar_internal_metadata`.`key` = 'environment'[0m
  [1m[36mActiveRecord::SchemaMigration Load (0.2ms)[0m  [1m[34mSELECT `schema_migrations`.* FROM `schema_migrations`[0m
  [1m[35m (0.2ms)[0m  [1m[34mSELECT `ar_internal_metadata`.`value` FROM `ar_internal_metadata` WHERE `ar_internal_metadata`.`key` = 'environment'[0m
  [1m[35m (22.3ms)[0m  [1m[35mDROP TABLE `airlines` CASCADE[0m
  [1m[35m (98.3ms)[0m  [1m[35mCREATE TABLE `airlines` (`id` int AUTO_INCREMENT PRIMARY KEY, `name` varchar(255), `created_at` datetime NOT NULL, `updated_at` datetime NOT NULL) ENGINE=InnoDB DEFAULT CHARSET=utf8[0m
  [1m[35m (14.4ms)[0m  [1m[35mDROP TABLE `airports` CASCADE[0m
  [1m[35m (270.2ms)[0m  [1m[35mCREATE TABLE `airports` (`id` int AUTO_INCREMENT PRIMARY KEY, `name` varchar(255), `city_id` int, `created_at` datetime NOT NULL, `updated_at` datetime NOT NULL) ENGINE=InnoDB DEFAULT CHARSET=utf8[0m
  [1m[35m (11.8ms)[0m  [1m[35mDROP TABLE `buyers` CASCADE[0m
  [1m[35m (191.4ms)[0m  [1m[35mCREATE TABLE `buyers` (`id` int AUTO_INCREMENT PRIMARY KEY, `full_name` varchar(255), `gov_id` varchar(255), `company` varchar(255), `address` varchar(255), `country` varchar(255), `created_at` datetime NOT NULL, `updated_at` datetime NOT NULL) ENGINE=InnoDB DEFAULT CHARSET=utf8[0m
  [1m[35m (1.8ms)[0m  [1m[35mDROP TABLE `cities` CASCADE[0m
  [1m[35m (142.0ms)[0m  [1m[35mCREATE TABLE `cities` (`id` int AUTO_INCREMENT PRIMARY KEY, `name` varchar(255), `country_name` varchar(255), `time_zone` varchar(255), `created_at` datetime NOT NULL, `updated_at` datetime NOT NULL) ENGINE=InnoDB DEFAULT CHARSET=utf8[0m
  [1m[35m (26.5ms)[0m  [1m[35mDROP TABLE `flight_itineraries` CASCADE[0m
  [1m[35m (150.5ms)[0m  [1m[35mCREATE TABLE `flight_itineraries` (`id` int AUTO_INCREMENT PRIMARY KEY, `plane_id` int, `flight_id` int, `departure_time` datetime, `created_at` datetime NOT NULL, `updated_at` datetime NOT NULL) ENGINE=InnoDB DEFAULT CHARSET=utf8[0m
  [1m[35m (16.9ms)[0m  [1m[35mDROP TABLE `flights` CASCADE[0m
  [1m[35m (148.3ms)[0m  [1m[35mCREATE TABLE `flights` (`id` int AUTO_INCREMENT PRIMARY KEY, `origin_airport_id` int, `destination_airport_id` int, `periodicity` varchar(255), `periodicity_time` datetime, `avg_time` int, `airline_id` int, `created_at` datetime NOT NULL, `updated_at` datetime NOT NULL) ENGINE=InnoDB DEFAULT CHARSET=utf8[0m
  [1m[35m (2.3ms)[0m  [1m[35mDROP TABLE `passengers` CASCADE[0m
  [1m[35m (155.8ms)[0m  [1m[35mCREATE TABLE `passengers` (`id` int AUTO_INCREMENT PRIMARY KEY, `full_name` varchar(255), `gov_id` varchar(255), `country` varchar(255), `birthdate` date, `created_at` datetime NOT NULL, `updated_at` datetime NOT NULL) ENGINE=InnoDB DEFAULT CHARSET=utf8[0m
  [1m[35m (11.3ms)[0m  [1m[35mDROP TABLE `planes` CASCADE[0m
  [1m[35m (151.8ms)[0m  [1m[35mCREATE TABLE `planes` (`id` int AUTO_INCREMENT PRIMARY KEY, `code` varchar(255), `seats_a` int, `seats_b` int, `airline_id` int, `created_at` datetime NOT NULL, `updated_at` datetime NOT NULL) ENGINE=InnoDB DEFAULT CHARSET=utf8[0m
  [1m[35m (8.6ms)[0m  [1m[35mDROP TABLE `sale_orders` CASCADE[0m
  [1m[35m (161.7ms)[0m  [1m[35mCREATE TABLE `sale_orders` (`id` int AUTO_INCREMENT PRIMARY KEY, `buyer_id` int, `buy_date` datetime, `created_at` datetime NOT NULL, `updated_at` datetime NOT NULL) ENGINE=InnoDB DEFAULT CHARSET=utf8[0m
  [1m[35m (2.3ms)[0m  [1m[35mDROP TABLE `tickets` CASCADE[0m
  [1m[35m (172.8ms)[0m  [1m[35mCREATE TABLE `tickets` (`id` int AUTO_INCREMENT PRIMARY KEY, `itinerary_id` int, `sale_order_id` int, `passenger_id` int, `created_at` datetime NOT NULL, `updated_at` datetime NOT NULL) ENGINE=InnoDB DEFAULT CHARSET=utf8[0m
  [1m[35m (16.4ms)[0m  [1m[35mDROP TABLE `users` CASCADE[0m
  [1m[35m (160.4ms)[0m  [1m[35mCREATE TABLE `users` (`id` int AUTO_INCREMENT PRIMARY KEY, `email` varchar(255), `password_digest` varchar(255), `created_at` datetime NOT NULL, `updated_at` datetime NOT NULL, `encrypted_password` varchar(255) DEFAULT '' NOT NULL, `reset_password_token` varchar(255), `reset_password_sent_at` datetime, `remember_created_at` datetime, `sign_in_count` int DEFAULT 0 NOT NULL, `current_sign_in_at` datetime, `last_sign_in_at` datetime, `current_sign_in_ip` varchar(255), `last_sign_in_ip` varchar(255), UNIQUE INDEX `index_users_on_email` USING btree (`email`), UNIQUE INDEX `index_users_on_reset_password_token` USING btree (`reset_password_token`)) ENGINE=InnoDB DEFAULT CHARSET=utf8[0m
  [1m[35m (0.2ms)[0m  [1m[34mSELECT version FROM `schema_migrations`[0m
  [1m[36mActiveRecord::InternalMetadata Load (0.4ms)[0m  [1m[34mSELECT  `ar_internal_metadata`.* FROM `ar_internal_metadata` WHERE `ar_internal_metadata`.`key` = 'environment' LIMIT 1[0m
  [1m[35m (0.1ms)[0m  [1m[35mBEGIN[0m
  [1m[35m (0.2ms)[0m  [1m[35mCOMMIT[0m
  [1m[36mActiveRecord::InternalMetadata Load (0.3ms)[0m  [1m[34mSELECT  `ar_internal_metadata`.* FROM `ar_internal_metadata` WHERE `ar_internal_metadata`.`key` = 'environment' LIMIT 1[0m
  [1m[35m (0.1ms)[0m  [1m[35mBEGIN[0m
  [1m[35m (0.1ms)[0m  [1m[35mCOMMIT[0m
  [1m[35m (13.6ms)[0m  [1m[35mDROP TABLE `airlines` CASCADE[0m
  [1m[35m (146.3ms)[0m  [1m[35mCREATE TABLE `airlines` (`id` int AUTO_INCREMENT PRIMARY KEY, `name` varchar(255), `created_at` datetime NOT NULL, `updated_at` datetime NOT NULL) ENGINE=InnoDB DEFAULT CHARSET=utf8[0m
  [1m[35m (2.4ms)[0m  [1m[35mDROP TABLE `airports` CASCADE[0m
  [1m[35m (130.6ms)[0m  [1m[35mCREATE TABLE `airports` (`id` int AUTO_INCREMENT PRIMARY KEY, `name` varchar(255), `city_id` int, `created_at` datetime NOT NULL, `updated_at` datetime NOT NULL) ENGINE=InnoDB DEFAULT CHARSET=utf8[0m
  [1m[35m (6.1ms)[0m  [1m[35mDROP TABLE `buyers` CASCADE[0m
  [1m[35m (134.6ms)[0m  [1m[35mCREATE TABLE `buyers` (`id` int AUTO_INCREMENT PRIMARY KEY, `full_name` varchar(255), `gov_id` varchar(255), `company` varchar(255), `address` varchar(255), `country` varchar(255), `created_at` datetime NOT NULL, `updated_at` datetime NOT NULL) ENGINE=InnoDB DEFAULT CHARSET=utf8[0m
  [1m[35m (4.5ms)[0m  [1m[35mDROP TABLE `cities` CASCADE[0m
  [1m[35m (161.4ms)[0m  [1m[35mCREATE TABLE `cities` (`id` int AUTO_INCREMENT PRIMARY KEY, `name` varchar(255), `country_name` varchar(255), `time_zone` varchar(255), `created_at` datetime NOT NULL, `updated_at` datetime NOT NULL) ENGINE=InnoDB DEFAULT CHARSET=utf8[0m
  [1m[35m (12.1ms)[0m  [1m[35mDROP TABLE `flight_itineraries` CASCADE[0m
  [1m[35m (179.6ms)[0m  [1m[35mCREATE TABLE `flight_itineraries` (`id` int AUTO_INCREMENT PRIMARY KEY, `plane_id` int, `flight_id` int, `departure_time` datetime, `created_at` datetime NOT NULL, `updated_at` datetime NOT NULL) ENGINE=InnoDB DEFAULT CHARSET=utf8[0m
  [1m[35m (23.7ms)[0m  [1m[35mDROP TABLE `flights` CASCADE[0m
  [1m[35m (186.4ms)[0m  [1m[35mCREATE TABLE `flights` (`id` int AUTO_INCREMENT PRIMARY KEY, `origin_airport_id` int, `destination_airport_id` int, `periodicity` varchar(255), `periodicity_time` datetime, `avg_time` int, `airline_id` int, `created_at` datetime NOT NULL, `updated_at` datetime NOT NULL) ENGINE=InnoDB DEFAULT CHARSET=utf8[0m
  [1m[35m (26.5ms)[0m  [1m[35mDROP TABLE `passengers` CASCADE[0m
  [1m[35m (171.7ms)[0m  [1m[35mCREATE TABLE `passengers` (`id` int AUTO_INCREMENT PRIMARY KEY, `full_name` varchar(255), `gov_id` varchar(255), `country` varchar(255), `birthdate` date, `created_at` datetime NOT NULL, `updated_at` datetime NOT NULL) ENGINE=InnoDB DEFAULT CHARSET=utf8[0m
  [1m[35m (2.4ms)[0m  [1m[35mDROP TABLE `planes` CASCADE[0m
  [1m[35m (184.2ms)[0m  [1m[35mCREATE TABLE `planes` (`id` int AUTO_INCREMENT PRIMARY KEY, `code` varchar(255), `seats_a` int, `seats_b` int, `airline_id` int, `created_at` datetime NOT NULL, `updated_at` datetime NOT NULL) ENGINE=InnoDB DEFAULT CHARSET=utf8[0m
  [1m[35m (13.6ms)[0m  [1m[35mDROP TABLE `sale_orders` CASCADE[0m
  [1m[35m (183.1ms)[0m  [1m[35mCREATE TABLE `sale_orders` (`id` int AUTO_INCREMENT PRIMARY KEY, `buyer_id` int, `buy_date` datetime, `created_at` datetime NOT NULL, `updated_at` datetime NOT NULL) ENGINE=InnoDB DEFAULT CHARSET=utf8[0m
  [1m[35m (21.2ms)[0m  [1m[35mDROP TABLE `tickets` CASCADE[0m
  [1m[35m (145.2ms)[0m  [1m[35mCREATE TABLE `tickets` (`id` int AUTO_INCREMENT PRIMARY KEY, `itinerary_id` int, `sale_order_id` int, `passenger_id` int, `created_at` datetime NOT NULL, `updated_at` datetime NOT NULL) ENGINE=InnoDB DEFAULT CHARSET=utf8[0m
  [1m[35m (3.7ms)[0m  [1m[35mDROP TABLE `users` CASCADE[0m
  [1m[35m (157.4ms)[0m  [1m[35mCREATE TABLE `users` (`id` int AUTO_INCREMENT PRIMARY KEY, `email` varchar(255), `password_digest` varchar(255), `created_at` datetime NOT NULL, `updated_at` datetime NOT NULL, `encrypted_password` varchar(255) DEFAULT '' NOT NULL, `reset_password_token` varchar(255), `reset_password_sent_at` datetime, `remember_created_at` datetime, `sign_in_count` int DEFAULT 0 NOT NULL, `current_sign_in_at` datetime, `last_sign_in_at` datetime, `current_sign_in_ip` varchar(255), `last_sign_in_ip` varchar(255), UNIQUE INDEX `index_users_on_email` USING btree (`email`), UNIQUE INDEX `index_users_on_reset_password_token` USING btree (`reset_password_token`)) ENGINE=InnoDB DEFAULT CHARSET=utf8[0m
  [1m[35m (29.2ms)[0m  [1m[34mSELECT version FROM `schema_migrations`[0m
  [1m[36mActiveRecord::InternalMetadata Load (6.4ms)[0m  [1m[34mSELECT  `ar_internal_metadata`.* FROM `ar_internal_metadata` WHERE `ar_internal_metadata`.`key` = 'environment' LIMIT 1[0m
  [1m[35m (0.2ms)[0m  [1m[35mBEGIN[0m
  [1m[35m (0.1ms)[0m  [1m[35mCOMMIT[0m
  [1m[36mActiveRecord::InternalMetadata Load (0.2ms)[0m  [1m[34mSELECT  `ar_internal_metadata`.* FROM `ar_internal_metadata` WHERE `ar_internal_metadata`.`key` = 'environment' LIMIT 1[0m
  [1m[35m (0.1ms)[0m  [1m[35mBEGIN[0m
  [1m[35m (0.1ms)[0m  [1m[35mCOMMIT[0m
  [1m[36mActiveRecord::SchemaMigration Load (0.2ms)[0m  [1m[34mSELECT `schema_migrations`.* FROM `schema_migrations`[0m
  [1m[35m (0.2ms)[0m  [1m[34mSELECT DATABASE() as db[0m
  [1m[35m (0.1ms)[0m  [1m[34mSELECT GET_LOCK('6954966366506246865', 0);[0m
  [1m[36mActiveRecord::SchemaMigration Load (0.3ms)[0m  [1m[34mSELECT `schema_migrations`.* FROM `schema_migrations`[0m
  [1m[36mActiveRecord::InternalMetadata Load (0.2ms)[0m  [1m[34mSELECT  `ar_internal_metadata`.* FROM `ar_internal_metadata` WHERE `ar_internal_metadata`.`key` = 'environment' LIMIT 1[0m
  [1m[35m (0.2ms)[0m  [1m[35mBEGIN[0m
  [1m[35m (0.1ms)[0m  [1m[35mCOMMIT[0m
  [1m[35m (0.2ms)[0m  [1m[34mSELECT RELEASE_LOCK('6954966366506246865')[0m
  [1m[36mActiveRecord::SchemaMigration Load (0.2ms)[0m  [1m[34mSELECT `schema_migrations`.* FROM `schema_migrations`[0m
  [1m[35m (0.1ms)[0m  [1m[35mSHOW CREATE TABLE `airlines`[0m
  [1m[35m (0.3ms)[0m  [1m[35mSHOW TABLE STATUS LIKE 'airlines'[0m
  [1m[35m (0.2ms)[0m  [1m[35mSHOW CREATE TABLE `airports`[0m
  [1m[35m (0.2ms)[0m  [1m[35mSHOW TABLE STATUS LIKE 'airports'[0m
  [1m[35m (0.1ms)[0m  [1m[35mSHOW CREATE TABLE `buyers`[0m
  [1m[35m (0.2ms)[0m  [1m[35mSHOW TABLE STATUS LIKE 'buyers'[0m
  [1m[35m (0.1ms)[0m  [1m[35mSHOW CREATE TABLE `cities`[0m
  [1m[35m (0.4ms)[0m  [1m[35mSHOW TABLE STATUS LIKE 'cities'[0m
  [1m[35m (0.1ms)[0m  [1m[35mSHOW CREATE TABLE `flight_itineraries`[0m
  [1m[35m (0.2ms)[0m  [1m[35mSHOW CREATE TABLE `flights`[0m
  [1m[35m (0.2ms)[0m  [1m[35mSHOW TABLE STATUS LIKE 'flights'[0m
  [1m[35m (0.1ms)[0m  [1m[35mSHOW CREATE TABLE `passengers`[0m
  [1m[35m (0.2ms)[0m  [1m[35mSHOW TABLE STATUS LIKE 'passengers'[0m
  [1m[35m (0.1ms)[0m  [1m[35mSHOW CREATE TABLE `planes`[0m
  [1m[35m (0.2ms)[0m  [1m[35mSHOW TABLE STATUS LIKE 'planes'[0m
  [1m[35m (0.1ms)[0m  [1m[35mSHOW CREATE TABLE `sale_orders`[0m
  [1m[35m (0.1ms)[0m  [1m[35mSHOW CREATE TABLE `tickets`[0m
  [1m[35m (0.4ms)[0m  [1m[35mSHOW CREATE TABLE `users`[0m
  [1m[35m (0.2ms)[0m  [1m[35mSHOW TABLE STATUS LIKE 'users'[0m
  [1m[35m (0.2ms)[0m  [1m[34mSELECT fk.referenced_table_name as 'to_table'
      ,fk.referenced_column_name as 'primary_key'
      ,fk.column_name as 'column'
      ,fk.constraint_name as 'name'
FROM information_schema.key_column_usage fk
WHERE fk.referenced_column_name is not null
  AND fk.table_schema = 'fly_development'
  AND fk.table_name = 'airlines'
[0m
  [1m[35m (0.2ms)[0m  [1m[34mSELECT fk.referenced_table_name as 'to_table'
      ,fk.referenced_column_name as 'primary_key'
      ,fk.column_name as 'column'
      ,fk.constraint_name as 'name'
FROM information_schema.key_column_usage fk
WHERE fk.referenced_column_name is not null
  AND fk.table_schema = 'fly_development'
  AND fk.table_name = 'airports'
[0m
  [1m[35m (0.2ms)[0m  [1m[34mSELECT fk.referenced_table_name as 'to_table'
      ,fk.referenced_column_name as 'primary_key'
      ,fk.column_name as 'column'
      ,fk.constraint_name as 'name'
FROM information_schema.key_column_usage fk
WHERE fk.referenced_column_name is not null
  AND fk.table_schema = 'fly_development'
  AND fk.table_name = 'buyers'
[0m
  [1m[35m (0.2ms)[0m  [1m[34mSELECT fk.referenced_table_name as 'to_table'
      ,fk.referenced_column_name as 'primary_key'
      ,fk.column_name as 'column'
      ,fk.constraint_name as 'name'
FROM information_schema.key_column_usage fk
WHERE fk.referenced_column_name is not null
  AND fk.table_schema = 'fly_development'
  AND fk.table_name = 'cities'
[0m
  [1m[35m (0.3ms)[0m  [1m[34mSELECT fk.referenced_table_name as 'to_table'
      ,fk.referenced_column_name as 'primary_key'
      ,fk.column_name as 'column'
      ,fk.constraint_name as 'name'
FROM information_schema.key_column_usage fk
WHERE fk.referenced_column_name is not null
  AND fk.table_schema = 'fly_development'
  AND fk.table_name = 'flight_itineraries'
[0m
  [1m[35m (0.2ms)[0m  [1m[34mSELECT fk.referenced_table_name as 'to_table'
      ,fk.referenced_column_name as 'primary_key'
      ,fk.column_name as 'column'
      ,fk.constraint_name as 'name'
FROM information_schema.key_column_usage fk
WHERE fk.referenced_column_name is not null
  AND fk.table_schema = 'fly_development'
  AND fk.table_name = 'flights'
[0m
  [1m[35m (0.2ms)[0m  [1m[34mSELECT fk.referenced_table_name as 'to_table'
      ,fk.referenced_column_name as 'primary_key'
      ,fk.column_name as 'column'
      ,fk.constraint_name as 'name'
FROM information_schema.key_column_usage fk
WHERE fk.referenced_column_name is not null
  AND fk.table_schema = 'fly_development'
  AND fk.table_name = 'passengers'
[0m
  [1m[35m (0.2ms)[0m  [1m[34mSELECT fk.referenced_table_name as 'to_table'
      ,fk.referenced_column_name as 'primary_key'
      ,fk.column_name as 'column'
      ,fk.constraint_name as 'name'
FROM information_schema.key_column_usage fk
WHERE fk.referenced_column_name is not null
  AND fk.table_schema = 'fly_development'
  AND fk.table_name = 'planes'
[0m
  [1m[35m (0.2ms)[0m  [1m[34mSELECT fk.referenced_table_name as 'to_table'
      ,fk.referenced_column_name as 'primary_key'
      ,fk.column_name as 'column'
      ,fk.constraint_name as 'name'
FROM information_schema.key_column_usage fk
WHERE fk.referenced_column_name is not null
  AND fk.table_schema = 'fly_development'
  AND fk.table_name = 'sale_orders'
[0m
  [1m[35m (0.2ms)[0m  [1m[34mSELECT fk.referenced_table_name as 'to_table'
      ,fk.referenced_column_name as 'primary_key'
      ,fk.column_name as 'column'
      ,fk.constraint_name as 'name'
FROM information_schema.key_column_usage fk
WHERE fk.referenced_column_name is not null
  AND fk.table_schema = 'fly_development'
  AND fk.table_name = 'tickets'
[0m
  [1m[35m (0.2ms)[0m  [1m[34mSELECT fk.referenced_table_name as 'to_table'
      ,fk.referenced_column_name as 'primary_key'
      ,fk.column_name as 'column'
      ,fk.constraint_name as 'name'
FROM information_schema.key_column_usage fk
WHERE fk.referenced_column_name is not null
  AND fk.table_schema = 'fly_development'
  AND fk.table_name = 'users'
[0m
Started GET "/cities/new" for ::1 at 2016-11-21 19:53:37 -0500
  [1m[36mActiveRecord::SchemaMigration Load (0.3ms)[0m  [1m[34mSELECT `schema_migrations`.* FROM `schema_migrations`[0m
Processing by CitiesController#new as HTML
  Rendering cities/new.html.erb within layouts/application
  Rendered cities/new.html.erb within layouts/application (21.0ms)
Completed 200 OK in 312ms (Views: 284.6ms | ActiveRecord: 1.3ms)


Started POST "/cities" for ::1 at 2016-11-21 19:54:00 -0500
Processing by CitiesController#create as HTML
  Parameters: {"utf8"=>"✓", "authenticity_token"=>"+3G4Sr/G4YRQtW/Dr0gQk8smiRSaqfPhjV0jwkqP52Jy86DgukdzcaOeyzekrRHSLSLDjFi5yTljiuq1C9CDOQ==", "city"=>{"name"=>"Bogotá", "country_name"=>"Bogotá", "time_zone"=>""}, "commit"=>"Create City"}
  [1m[35m (0.1ms)[0m  [1m[35mBEGIN[0m
  [1m[35m (0.1ms)[0m  [1m[31mROLLBACK[0m
  Rendering cities/new.html.erb within layouts/application
  Rendered cities/new.html.erb within layouts/application (3.1ms)
Completed 200 OK in 78ms (Views: 75.4ms | ActiveRecord: 0.3ms)


Started POST "/cities" for ::1 at 2016-11-21 19:54:13 -0500
Processing by CitiesController#create as HTML
  Parameters: {"utf8"=>"✓", "authenticity_token"=>"GuUqOIaF4PyKw0e7Ang8TzxFFul6MB+Qnsk9wHX1jyGTZzKSgwRyCXno408JnT0O2kFccbggJUhwHvS3NKrreg==", "city"=>{"name"=>"Bogotá", "country_name"=>"Bogotá", "time_zone"=>"UTC −5"}, "commit"=>"Create City"}
  [1m[35m (0.2ms)[0m  [1m[35mBEGIN[0m
  [1m[35mSQL (0.3ms)[0m  [1m[32mINSERT INTO `cities` (`name`, `country_name`, `time_zone`, `created_at`, `updated_at`) VALUES ('Bogotá', 'Bogotá', 'UTC −5', '2016-11-22 00:54:13', '2016-11-22 00:54:13')[0m
  [1m[35m (15.9ms)[0m  [1m[35mCOMMIT[0m
Redirected to http://localhost:3000/cities
Completed 302 Found in 20ms (ActiveRecord: 16.3ms)


Started GET "/cities" for ::1 at 2016-11-21 19:54:14 -0500
Processing by CitiesController#index as HTML
  Rendering cities/index.html.erb within layouts/application
  [1m[35m (0.3ms)[0m  [1m[34mSELECT COUNT(*) FROM `cities`[0m
  [1m[36mCity Load (0.2ms)[0m  [1m[34mSELECT `cities`.* FROM `cities`[0m
  Rendered cities/index.html.erb within layouts/application (3.3ms)
Completed 200 OK in 64ms (Views: 61.5ms | ActiveRecord: 0.5ms)


Started GET "/airports" for ::1 at 2016-11-21 19:54:21 -0500
Processing by AirportsController#index as HTML
  Rendering airports/index.html.erb within layouts/application
  [1m[35m (0.2ms)[0m  [1m[34mSELECT COUNT(*) FROM `airports`[0m
  Rendered airports/index.html.erb within layouts/application (2.7ms)
Completed 200 OK in 84ms (Views: 74.4ms | ActiveRecord: 0.8ms)


Started GET "/airports/new" for ::1 at 2016-11-21 19:54:22 -0500
Processing by AirportsController#new as HTML
  Rendering airports/new.html.erb within layouts/application
  [1m[36mCity Load (0.5ms)[0m  [1m[34mSELECT `cities`.* FROM `cities`[0m
  Rendered airports/new.html.erb within layouts/application (6.1ms)
Completed 200 OK in 80ms (Views: 70.4ms | ActiveRecord: 1.5ms)


Started GET "/cities" for ::1 at 2016-11-21 19:54:29 -0500
Processing by CitiesController#index as HTML
  Rendering cities/index.html.erb within layouts/application
  [1m[35m (0.3ms)[0m  [1m[34mSELECT COUNT(*) FROM `cities`[0m
  [1m[36mCity Load (0.2ms)[0m  [1m[34mSELECT `cities`.* FROM `cities`[0m
  Rendered cities/index.html.erb within layouts/application (2.3ms)
Completed 200 OK in 68ms (Views: 65.3ms | ActiveRecord: 0.5ms)


Started GET "/cities/new" for ::1 at 2016-11-21 19:54:59 -0500
Processing by CitiesController#new as HTML
  Rendering cities/new.html.erb within layouts/application
  Rendered cities/new.html.erb within layouts/application (2.9ms)
Completed 200 OK in 60ms (Views: 57.9ms | ActiveRecord: 0.0ms)


Started POST "/cities" for ::1 at 2016-11-21 19:55:16 -0500
Processing by CitiesController#create as HTML
  Parameters: {"utf8"=>"✓", "authenticity_token"=>"ArazweyWY54qpobxUS5GXEriTsWjIBWrK/DmqXnL7BIzhnrudJGu2Ky6psDVLqavW4VsGkklMkPb6Z1U6/oEHg==", "city"=>{"name"=>"Telundi", "country_name"=>"Telundi", "time_zone"=>"UTC −5"}, "commit"=>"Create City"}
  [1m[35m (0.1ms)[0m  [1m[35mBEGIN[0m
  [1m[35mSQL (0.5ms)[0m  [1m[32mINSERT INTO `cities` (`name`, `country_name`, `time_zone`, `created_at`, `updated_at`) VALUES ('Telundi', 'Telundi', 'UTC −5', '2016-11-22 00:55:16', '2016-11-22 00:55:16')[0m
  [1m[35m (15.1ms)[0m  [1m[35mCOMMIT[0m
Redirected to http://localhost:3000/cities
Completed 302 Found in 19ms (ActiveRecord: 15.8ms)


Started GET "/cities" for ::1 at 2016-11-21 19:55:16 -0500
Processing by CitiesController#index as HTML
  Rendering cities/index.html.erb within layouts/application
  [1m[35m (0.3ms)[0m  [1m[34mSELECT COUNT(*) FROM `cities`[0m
  [1m[36mCity Load (0.2ms)[0m  [1m[34mSELECT `cities`.* FROM `cities`[0m
  Rendered cities/index.html.erb within layouts/application (2.0ms)
Completed 200 OK in 52ms (Views: 50.1ms | ActiveRecord: 0.5ms)


